{
  "stats": {
    "suites": 2,
    "tests": 4,
    "passes": 4,
    "pending": 0,
    "failures": 0,
    "testsRegistered": 4,
    "passPercent": 100,
    "pendingPercent": 0,
    "other": 0,
    "hasOther": false,
    "skipped": 0,
    "hasSkipped": false,
    "start": "2024-08-13T08:41:12.929Z",
    "end": "2024-08-13T08:41:21.281Z",
    "duration": 8352
  },
  "results": [
    {
      "uuid": "981dd8c3-002c-4105-b8be-30e2576d1c02",
      "title": "",
      "fullFile": "cypress/e2e/spec.cy.js",
      "file": "cypress/e2e/spec.cy.js",
      "beforeHooks": [],
      "afterHooks": [],
      "tests": [],
      "suites": [
        {
          "uuid": "95c31300-6b44-47b9-87af-9721f22826df",
          "title": "template spec",
          "fullFile": "",
          "file": "",
          "beforeHooks": [],
          "afterHooks": [],
          "tests": [
            {
              "title": "passes",
              "fullTitle": "template spec passes",
              "timedOut": null,
              "duration": 810,
              "state": "passed",
              "speed": "fast",
              "pass": true,
              "fail": false,
              "pending": false,
              "context": null,
              "code": "cy.visit('https://example.cypress.io');",
              "err": {},
              "uuid": "00919a0c-e86e-427f-9c94-5fe02671490c",
              "parentUUID": "95c31300-6b44-47b9-87af-9721f22826df",
              "isHook": false,
              "skipped": false
            }
          ],
          "suites": [],
          "passes": [
            "00919a0c-e86e-427f-9c94-5fe02671490c"
          ],
          "failures": [],
          "pending": [],
          "skipped": [],
          "duration": 810,
          "root": false,
          "rootEmpty": false,
          "_timeout": 2000
        }
      ],
      "passes": [],
      "failures": [],
      "pending": [],
      "skipped": [],
      "duration": 0,
      "root": true,
      "rootEmpty": true,
      "_timeout": 2000
    },
    {
      "uuid": "15456621-aafd-4e0b-913f-9b6a64ea4c34",
      "title": "",
      "fullFile": "cypress/e2e/open-mrs-home.cy.js",
      "file": "cypress/e2e/open-mrs-home.cy.js",
      "beforeHooks": [],
      "afterHooks": [],
      "tests": [],
      "suites": [
        {
          "uuid": "a140fd5d-f03d-400e-b6ba-c4fcf9da4821",
          "title": "test that login fails with incorrect credentials",
          "fullFile": "",
          "file": "",
          "beforeHooks": [],
          "afterHooks": [],
          "tests": [
            {
              "title": "test login with incorrect username",
              "fullTitle": "test that login fails with incorrect credentials test login with incorrect username",
              "timedOut": null,
              "duration": 2932,
              "state": "passed",
              "speed": "fast",
              "pass": true,
              "fail": false,
              "pending": false,
              "context": null,
              "code": "cy.get(\"#username\").type(\"1231312\");\ncy.get('button[type=\"submit\"].cds--btn--primary').click();\ncy.get(\"#password\").type(\"Admin123\");\ncy.get('button[type=\"submit\"].cds--btn--primary').click();\ncy.get(\".cds--inline-notification\").should(\"exist\");\ncy.get(\".cds--inline-notification__subtitle\").should(\"exist\").and(\"contain\", \"Invalid username or password\");",
              "err": {},
              "uuid": "fe7ce9a4-dce8-4bfb-9854-d299399f3900",
              "parentUUID": "a140fd5d-f03d-400e-b6ba-c4fcf9da4821",
              "isHook": false,
              "skipped": false
            },
            {
              "title": "test login with incorrect password",
              "fullTitle": "test that login fails with incorrect credentials test login with incorrect password",
              "timedOut": null,
              "duration": 674,
              "state": "passed",
              "speed": "fast",
              "pass": true,
              "fail": false,
              "pending": false,
              "context": null,
              "code": "cy.get(\"#username\").type(\"admin\");\ncy.get('button[type=\"submit\"].cds--btn--primary').click();\ncy.get(\"#password\").type(\"asfadas\");\ncy.get('button[type=\"submit\"].cds--btn--primary').click();\ncy.get(\".cds--inline-notification\").should(\"exist\");\ncy.get(\".cds--inline-notification__subtitle\").should(\"exist\").and(\"contain\", \"Invalid username or password\");",
              "err": {},
              "uuid": "fdd570bf-bc35-4be0-a768-d7bd7b792ba1",
              "parentUUID": "a140fd5d-f03d-400e-b6ba-c4fcf9da4821",
              "isHook": false,
              "skipped": false
            }
          ],
          "suites": [],
          "passes": [
            "fe7ce9a4-dce8-4bfb-9854-d299399f3900",
            "fdd570bf-bc35-4be0-a768-d7bd7b792ba1"
          ],
          "failures": [],
          "pending": [],
          "skipped": [],
          "duration": 3606,
          "root": false,
          "rootEmpty": false,
          "_timeout": 2000
        },
        {
          "uuid": "a53b1f44-c7e0-44e3-ac8f-f45e7d611d01",
          "title": "test that users can login to the open mrs portal",
          "fullFile": "",
          "file": "",
          "beforeHooks": [],
          "afterHooks": [],
          "tests": [
            {
              "title": "test login with correct credentials",
              "fullTitle": "test that users can login to the open mrs portal test login with correct credentials",
              "timedOut": null,
              "duration": 768,
              "state": "passed",
              "speed": "fast",
              "pass": true,
              "fail": false,
              "pending": false,
              "context": null,
              "code": "cy.get(\"#username\").type(\"admin\");\ncy.get('button[type=\"submit\"].cds--btn--primary').click();\ncy.get(\"#password\").type(\"Admin123\");\ncy.get('button[type=\"submit\"].cds--btn--primary').click();\ncy.url().should(\"include\", \"spa/login/location\");\n// check if an element exists\ncy.get(\"#single-spa-application\\\\:\\\\@kenyaemr\\\\/esm-login-app-page-0\").should(\"exist\");",
              "err": {},
              "uuid": "737cf2d3-0d53-46cc-8e08-e31332304301",
              "parentUUID": "a53b1f44-c7e0-44e3-ac8f-f45e7d611d01",
              "isHook": false,
              "skipped": false
            }
          ],
          "suites": [],
          "passes": [
            "737cf2d3-0d53-46cc-8e08-e31332304301"
          ],
          "failures": [],
          "pending": [],
          "skipped": [],
          "duration": 768,
          "root": false,
          "rootEmpty": false,
          "_timeout": 2000
        }
      ],
      "passes": [],
      "failures": [],
      "pending": [],
      "skipped": [],
      "duration": 0,
      "root": true,
      "rootEmpty": true,
      "_timeout": 2000
    }
  ],
  "meta": {
    "mocha": {
      "version": "7.0.1"
    },
    "mochawesome": {
      "options": {
        "quiet": false,
        "reportFilename": "mochawesome",
        "saveHtml": false,
        "saveJson": true,
        "consoleReporter": "spec",
        "useInlineDiffs": false,
        "code": true
      },
      "version": "7.1.3"
    },
    "marge": {
      "options": {
        "reportDir": "cypress/results",
        "overwrite": false,
        "html": false,
        "json": true
      },
      "version": "6.2.0"
    }
  }
}